# JRE version: Java(TM) SE Runtime Environment (7.0_80-b15) (build 1.7.0_80-b15)
# Java VM: Java HotSpot(TM) 64-Bit Server VM (24.80-b11 mixed mode windows-amd64 compressed oops)
Heap
 PSYoungGen      total 164864K, used 55067K [0x00000000eaa80000, 0x00000000f8d80000, 0x0000000100000000)
  eden space 148992K, 29% used [0x00000000eaa80000,0x00000000ed4c58e0,0x00000000f3c00000)
  from space 15872K, 74% used [0x00000000f3c00000,0x00000000f4781560,0x00000000f4b80000)
  to   space 17408K, 0% used [0x00000000f7c80000,0x00000000f7c80000,0x00000000f8d80000)
 ParOldGen       total 69632K, used 41256K [0x00000000c0000000, 0x00000000c4400000, 0x00000000eaa80000)
  object space 69632K, 59% used [0x00000000c0000000,0x00000000c284a2f8,0x00000000c4400000)
 PSPermGen       total 90112K, used 45822K [0x00000000b0000000, 0x00000000b5800000, 0x00000000c0000000)
  object space 90112K, 50% used [0x00000000b0000000,0x00000000b2cbfac8,0x00000000b5800000)
GC Heap History (10 events):
Event: 3309.151 GC heap before
{Heap before GC invocations=20 (full 2):
 PSYoungGen      total 113152K, used 112752K [0x00000000eaa80000, 0x00000000f3a00000, 0x0000000100000000)
  eden space 111104K, 100% used [0x00000000eaa80000,0x00000000f1700000,0x00000000f1700000)
  from space 2048K, 80% used [0x00000000f1b80000,0x00000000f1d1c010,0x00000000f1d80000)
  to   space 17920K, 0% used [0x00000000f2880000,0x00000000f2880000,0x00000000f3a00000)
 ParOldGen       total 69632K, used 35175K [0x00000000c0000000, 0x00000000c4400000, 0x00000000eaa80000)
  object space 69632K, 50% used [0x00000000c0000000,0x00000000c2259c68,0x00000000c4400000)
 PSPermGen       total 90624K, used 41822K [0x00000000b0000000, 0x00000000b5880000, 0x00000000c0000000)
  object space 90624K, 46% used [0x00000000b0000000,0x00000000b28d7818,0x00000000b5880000)
Event: 3309.354 GC heap after
Heap after GC invocations=20 (full 2):
 PSYoungGen      total 129024K, used 720K [0x00000000eaa80000, 0x00000000f5e00000, 0x0000000100000000)
  eden space 111104K, 0% used [0x00000000eaa80000,0x00000000eaa80000,0x00000000f1700000)
  from space 17920K, 4% used [0x00000000f2880000,0x00000000f2934020,0x00000000f3a00000)
  to   space 17920K, 0% used [0x00000000f1700000,0x00000000f1700000,0x00000000f2880000)
 ParOldGen       total 69632K, used 36563K [0x00000000c0000000, 0x00000000c4400000, 0x00000000eaa80000)
  object space 69632K, 52% used [0x00000000c0000000,0x00000000c23b4d60,0x00000000c4400000)
 PSPermGen       total 90624K, used 41822K [0x00000000b0000000, 0x00000000b5880000, 0x00000000c0000000)
  object space 90624K, 46% used [0x00000000b0000000,0x00000000b28d7818,0x00000000b5880000)
}
Event: 3317.351 GC heap before
{Heap before GC invocations=21 (full 2):
 PSYoungGen      total 129024K, used 111824K [0x00000000eaa80000, 0x00000000f5e00000, 0x0000000100000000)
  eden space 111104K, 100% used [0x00000000eaa80000,0x00000000f1700000,0x00000000f1700000)
  from space 17920K, 4% used [0x00000000f2880000,0x00000000f2934020,0x00000000f3a00000)
  to   space 17920K, 0% used [0x00000000f1700000,0x00000000f1700000,0x00000000f2880000)
 ParOldGen       total 69632K, used 36563K [0x00000000c0000000, 0x00000000c4400000, 0x00000000eaa80000)
  object space 69632K, 52% used [0x00000000c0000000,0x00000000c23b4d60,0x00000000c4400000)
 PSPermGen       total 90624K, used 42950K [0x00000000b0000000, 0x00000000b5880000, 0x00000000c0000000)
  object space 90624K, 47% used [0x00000000b0000000,0x00000000b29f18d0,0x00000000b5880000)
Event: 3317.751 GC heap after
Heap after GC invocations=21 (full 2):
 PSYoungGen      total 129024K, used 7059K [0x00000000eaa80000, 0x00000000f5d00000, 0x0000000100000000)
  eden space 111104K, 0% used [0x00000000eaa80000,0x00000000eaa80000,0x00000000f1700000)
  from space 17920K, 39% used [0x00000000f1700000,0x00000000f1de4ca0,0x00000000f2880000)
  to   space 16896K, 0% used [0x00000000f4c80000,0x00000000f4c80000,0x00000000f5d00000)
 ParOldGen       total 69632K, used 37219K [0x00000000c0000000, 0x00000000c4400000, 0x00000000eaa80000)
  object space 69632K, 53% used [0x00000000c0000000,0x00000000c2458d90,0x00000000c4400000)
 PSPermGen       total 90624K, used 42950K [0x00000000b0000000, 0x00000000b5880000, 0x00000000c0000000)
  object space 90624K, 47% used [0x00000000b0000000,0x00000000b29f18d0,0x00000000b5880000)
}
Event: 3320.100 GC heap before
{Heap before GC invocations=22 (full 2):
 PSYoungGen      total 129024K, used 67896K [0x00000000eaa80000, 0x00000000f5d00000, 0x0000000100000000)
  eden space 111104K, 54% used [0x00000000eaa80000,0x00000000ee5e96e8,0x00000000f1700000)
  from space 17920K, 39% used [0x00000000f1700000,0x00000000f1de4ca0,0x00000000f2880000)
  to   space 16896K, 0% used [0x00000000f4c80000,0x00000000f4c80000,0x00000000f5d00000)
 ParOldGen       total 69632K, used 37219K [0x00000000c0000000, 0x00000000c4400000, 0x00000000eaa80000)
  object space 69632K, 53% used [0x00000000c0000000,0x00000000c2458d90,0x00000000c4400000)
 PSPermGen       total 90624K, used 44851K [0x00000000b0000000, 0x00000000b5880000, 0x00000000c0000000)
  object space 90624K, 49% used [0x00000000b0000000,0x00000000b2bcce70,0x00000000b5880000)
Event: 3320.256 GC heap after
Heap after GC invocations=22 (full 2):
 PSYoungGen      total 163840K, used 6090K [0x00000000eaa80000, 0x00000000f5b00000, 0x0000000100000000)
  eden space 148992K, 0% used [0x00000000eaa80000,0x00000000eaa80000,0x00000000f3c00000)
  from space 14848K, 41% used [0x00000000f4c80000,0x00000000f5272bc8,0x00000000f5b00000)
  to   space 15872K, 0% used [0x00000000f3c00000,0x00000000f3c00000,0x00000000f4b80000)
 ParOldGen       total 69632K, used 43055K [0x00000000c0000000, 0x00000000c4400000, 0x00000000eaa80000)
  object space 69632K, 61% used [0x00000000c0000000,0x00000000c2a0bcc0,0x00000000c4400000)
 PSPermGen       total 90624K, used 44851K [0x00000000b0000000, 0x00000000b5880000, 0x00000000c0000000)
  object space 90624K, 49% used [0x00000000b0000000,0x00000000b2bcce70,0x00000000b5880000)
}
Event: 3320.256 GC heap before
{Heap before GC invocations=23 (full 3):
 PSYoungGen      total 163840K, used 6090K [0x00000000eaa80000, 0x00000000f5b00000, 0x0000000100000000)
  eden space 148992K, 0% used [0x00000000eaa80000,0x00000000eaa80000,0x00000000f3c00000)
  from space 14848K, 41% used [0x00000000f4c80000,0x00000000f5272bc8,0x00000000f5b00000)
  to   space 15872K, 0% used [0x00000000f3c00000,0x00000000f3c00000,0x00000000f4b80000)
 ParOldGen       total 69632K, used 43055K [0x00000000c0000000, 0x00000000c4400000, 0x00000000eaa80000)
  object space 69632K, 61% used [0x00000000c0000000,0x00000000c2a0bcc0,0x00000000c4400000)
 PSPermGen       total 90624K, used 44851K [0x00000000b0000000, 0x00000000b5880000, 0x00000000c0000000)
  object space 90624K, 49% used [0x00000000b0000000,0x00000000b2bcce70,0x00000000b5880000)
Event: 3322.495 GC heap after
Heap after GC invocations=23 (full 3):
 PSYoungGen      total 163840K, used 0K [0x00000000eaa80000, 0x00000000f5b00000, 0x0000000100000000)
  eden space 148992K, 0% used [0x00000000eaa80000,0x00000000eaa80000,0x00000000f3c00000)
  from space 14848K, 0% used [0x00000000f4c80000,0x00000000f4c80000,0x00000000f5b00000)
  to   space 15872K, 0% used [0x00000000f3c00000,0x00000000f3c00000,0x00000000f4b80000)
 ParOldGen       total 69632K, used 41256K [0x00000000c0000000, 0x00000000c4400000, 0x00000000eaa80000)
  object space 69632K, 59% used [0x00000000c0000000,0x00000000c284a2f8,0x00000000c4400000)
 PSPermGen       total 90112K, used 44590K [0x00000000b0000000, 0x00000000b5800000, 0x00000000c0000000)
  object space 90112K, 49% used [0x00000000b0000000,0x00000000b2b8ba70,0x00000000b5800000)
}
Event: 3348.865 GC heap before
{Heap before GC invocations=24 (full 3):
 PSYoungGen      total 163840K, used 148992K [0x00000000eaa80000, 0x00000000f5b00000, 0x0000000100000000)
  eden space 148992K, 100% used [0x00000000eaa80000,0x00000000f3c00000,0x00000000f3c00000)
  from space 14848K, 0% used [0x00000000f4c80000,0x00000000f4c80000,0x00000000f5b00000)
  to   space 15872K, 0% used [0x00000000f3c00000,0x00000000f3c00000,0x00000000f4b80000)
 ParOldGen       total 69632K, used 41256K [0x00000000c0000000, 0x00000000c4400000, 0x00000000eaa80000)
  object space 69632K, 59% used [0x00000000c0000000,0x00000000c284a2f8,0x00000000c4400000)
 PSPermGen       total 90112K, used 45713K [0x00000000b0000000, 0x00000000b5800000, 0x00000000c0000000)
  object space 90112K, 50% used [0x00000000b0000000,0x00000000b2ca44a8,0x00000000b5800000)
Event: 3348.890 GC heap after
Heap after GC invocations=24 (full 3):
 PSYoungGen      total 164864K, used 11781K [0x00000000eaa80000, 0x00000000f8d80000, 0x0000000100000000)
  eden space 148992K, 0% used [0x00000000eaa80000,0x00000000eaa80000,0x00000000f3c00000)
  from space 15872K, 74% used [0x00000000f3c00000,0x00000000f4781560,0x00000000f4b80000)
  to   space 17408K, 0% used [0x00000000f7c80000,0x00000000f7c80000,0x00000000f8d80000)
 ParOldGen       total 69632K, used 41256K [0x00000000c0000000, 0x00000000c4400000, 0x00000000eaa80000)
  object space 69632K, 59% used [0x00000000c0000000,0x00000000c284a2f8,0x00000000c4400000)
 PSPermGen       total 90112K, used 45713K [0x00000000b0000000, 0x00000000b5800000, 0x00000000c0000000)
  object space 90112K, 50% used [0x00000000b0000000,0x00000000b2ca44a8,0x00000000b5800000)
}

